<?xml version="1.0" encoding="UTF-8"?>
<!-- Generated by org.testng.reporters.JUnitReportReporter -->
<testsuite skipped="0" hostname="DESKTOP-UHC4NVK" name="org.stepdef.DatePickers" tests="1" failures="0" timestamp="15 Nov 2020 05:31:16 GMT" time="13.525" errors="0">
  <testcase name="tripDetails" time="13.525" classname="org.stepdef.DatePickers"/>
</testsuite> <!-- org.stepdef.DatePickers -->
