<?xml version="1.0" encoding="UTF-8"?>
<!-- Generated by org.testng.reporters.JUnitReportReporter -->
<testsuite skipped="0" hostname="DESKTOP-UHC4NVK" name="org.stepdef.BookingModule" tests="3" failures="0" timestamp="26 Oct 2020 04:25:17 GMT" time="34.800" errors="0">
  <testcase name="flightSelectionPage" time="31.256" classname="org.stepdef.BookingModule"/>
  <testcase name="homePage" time="1.294" classname="org.stepdef.BookingModule"/>
  <testcase name="paymentPage" time="2.250" classname="org.stepdef.BookingModule"/>
</testsuite> <!-- org.stepdef.BookingModule -->
